<?xml version="1.0" encoding="UTF-8"?>
<!-- Generated by org.testng.reporters.JUnitXMLReporter -->
<testsuite hostname="DESKTOP-IJLUITG" ignored="0" name="Test" tests="4" failures="0" timestamp="2022-01-24T02:02:59 IST" time="156.433" errors="0">
  <testcase name="HomePage" time="60.532" classname="com.jayanti.TC_Browser"/>
  <testcase name="HomePage" time="41.558" classname="com.jayanti.TC_Browser"/>
  <testcase name="HomePage" time="0.681" classname="com.jayanti.NavigationBar"/>
  <testcase name="HomePage" time="0.152" classname="com.jayanti.Title_TC"/>
</testsuite> <!-- Test -->
