<?xml version="1.0" encoding="UTF-8"?>
<testng-results skipped="0" failed="0" ignored="0" total="2" passed="2">
  <reporter-output>
  </reporter-output>
  <suite name="Default suite" duration-ms="13420" started-at="2022-01-25T15:33:31 IST" finished-at="2022-01-25T15:33:45 IST">
    <groups>
    </groups>
    <test name="Default test" duration-ms="13420" started-at="2022-01-25T15:33:31 IST" finished-at="2022-01-25T15:33:45 IST">
      <class name="com.jayanti.TC_Browser">
        <test-method status="PASS" signature="initialize()[pri:0, instance:com.jayanti.TC_Browser@3e84448c]" name="initialize" is-config="true" duration-ms="4048" started-at="2022-01-25T15:33:31 IST" finished-at="2022-01-25T15:33:35 IST">
          <reporter-output>
          </reporter-output>
        </test-method> <!-- initialize -->
        <test-method status="PASS" signature="HomePage(java.lang.String,java.lang.String)[pri:0, instance:com.jayanti.TC_Browser@3e84448c]" name="HomePage" duration-ms="6385" started-at="2022-01-25T15:33:35 IST" data-provider="getData" finished-at="2022-01-25T15:33:42 IST">
          <params>
            <param index="0">
              <value>
                <![CDATA[abc@123]]>
              </value>
            </param>
            <param index="1">
              <value>
                <![CDATA[1234sde5]]>
              </value>
            </param>
          </params>
          <reporter-output>
          </reporter-output>
        </test-method> <!-- HomePage -->
        <test-method status="PASS" signature="HomePage(java.lang.String,java.lang.String)[pri:0, instance:com.jayanti.TC_Browser@3e84448c]" name="HomePage" duration-ms="2745" started-at="2022-01-25T15:33:42 IST" data-provider="getData" finished-at="2022-01-25T15:33:44 IST">
          <params>
            <param index="0">
              <value>
                <![CDATA[kjggj@ee]]>
              </value>
            </param>
            <param index="1">
              <value>
                <![CDATA[1246sfg]]>
              </value>
            </param>
          </params>
          <reporter-output>
          </reporter-output>
        </test-method> <!-- HomePage -->
        <test-method status="PASS" signature="closebrowser()[pri:0, instance:com.jayanti.TC_Browser@3e84448c]" name="closebrowser" is-config="true" duration-ms="184" started-at="2022-01-25T15:33:44 IST" finished-at="2022-01-25T15:33:45 IST">
          <reporter-output>
          </reporter-output>
        </test-method> <!-- closebrowser -->
      </class> <!-- com.jayanti.TC_Browser -->
    </test> <!-- Default test -->
  </suite> <!-- Default suite -->
</testng-results>
