<?xml version="1.0" encoding="UTF-8"?>
<!-- Generated by org.testng.reporters.JUnitXMLReporter -->
<testsuite hostname="DESKTOP-IJLUITG" ignored="0" name="Message Displayed" tests="1" failures="1" timestamp="2022-01-25T15:53:51 IST" time="95.442" errors="0">
  <testcase name="HomePage" time="3.023" classname="com.jayanti.Title_TC">
    <failure type="java.lang.AssertionError" message="expected [FEATURED COURSESes] but found [FEATURED COURSES]">
      <![CDATA[java.lang.AssertionError: expected [FEATURED COURSESes] but found [FEATURED COURSES]
at com.jayanti.Title_TC.HomePage(Title_TC.java:34)
at java.util.ArrayList.forEach(ArrayList.java:1259)
at java.util.concurrent.FutureTask.run(FutureTask.java:266)
at java.util.concurrent.ThreadPoolExecutor.runWorker(ThreadPoolExecutor.java:1149)
at java.util.concurrent.ThreadPoolExecutor$Worker.run(ThreadPoolExecutor.java:624)
at java.lang.Thread.run(Thread.java:748)
... Removed 24 stack frames]]>
    </failure>
  </testcase> <!-- HomePage -->
</testsuite> <!-- Message Displayed -->
