<?xml version="1.0" encoding="UTF-8"?>
<!-- Generated by org.testng.reporters.JUnitXMLReporter -->
<testsuite hostname="DESKTOP-IJLUITG" ignored="0" name="Test" tests="4" failures="0" timestamp="2022-01-24T13:38:29 IST" time="75.513" errors="0">
  <testcase name="HomePage" time="19.652" classname="com.jayanti.TC_Browser"/>
  <testcase name="HomePage" time="5.188" classname="com.jayanti.TC_Browser"/>
  <testcase name="HomePage" time="0.384" classname="com.jayanti.NavigationBar"/>
  <testcase name="HomePage" time="0.039" classname="com.jayanti.Title_TC"/>
</testsuite> <!-- Test -->
