<?xml version="1.0" encoding="UTF-8"?>
<testsuite xmlns:xsi="http://www.w3.org/2001/XMLSchema-instance" xsi:noNamespaceSchemaLocation="https://maven.apache.org/surefire/maven-surefire-plugin/xsd/surefire-test-report-3.0.xsd" version="3.0" name="TestSuite" time="106.901" tests="4" errors="0" skipped="0" failures="1">
  <properties>
[...]
</properties>
  <testcase name="HomePage" classname="com.jayanti.NavigationBar" time="3.152">
    <system-out><![CDATA[chromechromechrome]]></system-out>
    <system-err><![CDATA[SLF4J: Failed to load class "org.slf4j.impl.StaticLoggerBinder".
SLF4J: Defaulting to no-operation (NOP) logger implementation
SLF4J: See http://www.slf4j.org/codes.html#StaticLoggerBinder for further details.
Starting ChromeDriver 96.0.4664.45 (76e4c1bb2ab4671b8beba3444e61c0f17584b2fc-refs/branch-heads/4664@{#947}) on port 56802
Only local connections are allowed.
Please see https://chromedriver.chromium.org/security-considerations for suggestions on keeping ChromeDriver safe.
ChromeDriver was started successfully.
Starting ChromeDriver 96.S0t.a4r6ti6n4g. 4C5 hr(7o6mee4Dcr1ibveb2rab 49667.10b.84b6e6b4a.34454 4(e7661ec40cf11b7b25a84b4b267fc1b-r8ebefbsa/3br4a44nce6h-1che0afd1s7/548646b42@f{c#-9r4e7f}s)/ onb rporat n51c92h8-
heOandlsy lo/c46al6 4c@o{n#n9e4c7}t)io onsn  paroert a l50lo7w3e6d.
O
nPllye aloscea ls ceoen nehctttpiso:n/s/c harreo maelldorwiveedr..c
hPrloemaisue ms.eoreg /htstepcsur:i//tcyh-croonmsedidreivreart.iconhsr omfioru m.suogrgge/ssteicuornist oy-n ckoenespiidnergat iCohnrso mefDorr isvuegr gessaftei.on
s on keeping ChromeDriver safe.
ChromeDriver was started successfully.
ChromeDriver was started successfully.
[1643106148.434][WARNING]: This version of ChromeDriver has not been tested with Chrome version 97.
[1643106153.486][WARNING]: This version of ChromeDriver has not been tested with Chrome version 97.
[1643106155.913][WARNING]: This version of ChromeDriver has not been tested with Chrome version 97.
Jan 25, 2022 3:52:54 PM org.openqa.selenium.remote.ProtocolHandshake createSession
INFO: Detected dialect: W3C
Jan 25, 2022 3:52:54 PM org.openqa.selenium.remote.ProtocolHandshake createSession
INFO: Detected dialect: W3C
Jan 25, 2022 3:52:54 PM org.openqa.selenium.remote.ProtocolHandshake createSession
INFO: Detected dialect: W3C
Jan 25, 2022 3:52:57 PM org.openqa.selenium.devtools.CdpVersionFinder findNearestMatch
WARNING: Unable to find an exact match for CDP version 97, so returning the closest version found: 96
Jan 25, 2022 3:52:57 PM org.openqa.selenium.devtools.CdpVersionFinder findNearestMatch
WARNING: Unable to find an exact match for CDP version 97, so returning the closest version found: 96
Jan 25, 2022 3:52:57 PM org.openqa.selenium.devtools.CdpVersionFinder findNearestMatch
WARNING: Unable to find an exact match for CDP version 97, so returning the closest version found: 96
Jan 25, 2022 3:52:57 PM org.openqa.selenium.devtools.CdpVersionFinder findNearestMatch
INFO: Found CDP implementation for version 97 of 96
Jan 25, 2022 3:52:57 PM org.openqa.selenium.devtools.CdpVersionFinder findNearestMatch
INFO: Found CDP implementation for version 97 of 96
Jan 25, 2022 3:52:57 PM org.openqa.selenium.devtools.CdpVersionFinder findNearestMatch
INFO: Found CDP implementation for version 97 of 96
]]></system-err>
  </testcase>
  <testcase name="HomePage" classname="com.jayanti.Title_TC" time="12.492">
    <failure message="expected [FEATURED COURSESes] but found [FEATURED COURSES]" type="java.lang.AssertionError"><![CDATA[java.lang.AssertionError: expected [FEATURED COURSESes] but found [FEATURED COURSES]
	at com.jayanti.Title_TC.HomePage(Title_TC.java:34)
]]></failure>
  </testcase>
  <testcase name="HomePage[abc@123, 1234sde5](1)" classname="com.jayanti.TC_Browser" time="20.564"/>
  <testcase name="HomePage[kjggj@ee, 1246sfg](2)" classname="com.jayanti.TC_Browser" time="5.611"/>
</testsuite>