-------------------------------------------------------------------------------
Test set: TestSuite
-------------------------------------------------------------------------------
Tests run: 4, Failures: 1, Errors: 0, Skipped: 0, Time elapsed: 106.901 s <<< FAILURE! - in TestSuite
com.jayanti.Title_TC.HomePage  Time elapsed: 12.492 s  <<< FAILURE!
java.lang.AssertionError: expected [FEATURED COURSESes] but found [FEATURED COURSES]
	at com.jayanti.Title_TC.HomePage(Title_TC.java:34)

